*** Starting uWSGI 2.0.14 (64bit) on [Sun Jun 18 10:13:38 2017] ***
compiled with version: 5.4.0 20160609 on 26 March 2017 16:24:30
os: Linux-4.4.0-66-generic #87-Ubuntu SMP Fri Mar 3 15:29:05 UTC 2017
nodename: hear2say
machine: x86_64
clock source: unix
detected number of CPU cores: 1
current working directory: /root/ENV35/bin/my_blog/my_blog
detected binary path: /root/ENV35/bin/uwsgi
!!! no internal routing support, rebuild with pcre support !!!
uWSGI running as root, you can use --uid/--gid/--chroot options
*** WARNING: you are running uWSGI as root !!! (use the --uid flag) *** 
chdir() to /root/ENV35/bin/my_blog/my_blog
*** WARNING: you are running uWSGI without its master process manager ***
your processes number limit is 1880
your memory page size is 4096 bytes
detected max file descriptor number: 1024
lock engine: pthread robust mutexes
thunder lock: disabled (you can enable it with --thunder-lock)
uwsgi socket 0 bound to TCP address :8077 fd 3
Python version: 3.5.2 (default, Nov 17 2016, 17:05:23)  [GCC 5.4.0 20160609]
*** Python threads support is disabled. You can enable it with --enable-threads ***
Python main interpreter initialized at 0x9a59c0
your server socket listen backlog is limited to 100 connections
your mercy for graceful operations on workers is 60 seconds
mapped 291040 bytes (284 KB) for 4 cores
*** Operational MODE: preforking ***
WSGI app 0 (mountpoint='') ready in 0 seconds on interpreter 0x9a59c0 pid: 2173 (default app)
*** uWSGI is running in multiple interpreter mode ***
spawned uWSGI worker 1 (pid: 2173, cores: 1)
spawned uWSGI worker 2 (pid: 2175, cores: 1)
spawned uWSGI worker 3 (pid: 2176, cores: 1)
spawned uWSGI worker 4 (pid: 2177, cores: 1)
invalid request block size: 21573 (max 4096)...skip
invalid request block size: 21573 (max 4096)...skip
invalid request block size: 21573 (max 4096)...skip
invalid request block size: 21573 (max 4096)...skip
invalid request block size: 21573 (max 4096)...skip
invalid request block size: 21573 (max 4096)...skip
invalid request block size: 21573 (max 4096)...skip
*** Starting uWSGI 2.0.14 (64bit) on [Sun Jun 18 10:18:50 2017] ***
compiled with version: 5.4.0 20160609 on 26 March 2017 16:24:30
os: Linux-4.4.0-66-generic #87-Ubuntu SMP Fri Mar 3 15:29:05 UTC 2017
nodename: hear2say
machine: x86_64
clock source: unix
detected number of CPU cores: 1
current working directory: /root/ENV35/bin/my_blog/my_blog
detected binary path: /root/ENV35/bin/uwsgi
!!! no internal routing support, rebuild with pcre support !!!
uWSGI running as root, you can use --uid/--gid/--chroot options
*** WARNING: you are running uWSGI as root !!! (use the --uid flag) *** 
chdir() to /root/ENV35/bin/my_blog/my_blog
*** WARNING: you are running uWSGI without its master process manager ***
your processes number limit is 1880
your memory page size is 4096 bytes
detected max file descriptor number: 1024
lock engine: pthread robust mutexes
thunder lock: disabled (you can enable it with --thunder-lock)
probably another instance of uWSGI is running on the same address (:8077).
bind(): Address already in use [core/socket.c line 769]
invalid request block size: 21573 (max 4096)...skip
*** Starting uWSGI 2.0.14 (64bit) on [Sun Jun 18 10:25:55 2017] ***
compiled with version: 5.4.0 20160609 on 26 March 2017 16:24:30
os: Linux-4.4.0-66-generic #87-Ubuntu SMP Fri Mar 3 15:29:05 UTC 2017
nodename: hear2say
machine: x86_64
clock source: unix
detected number of CPU cores: 1
current working directory: /root/ENV35/bin/my_blog/my_blog
detected binary path: /root/ENV35/bin/uwsgi
!!! no internal routing support, rebuild with pcre support !!!
uWSGI running as root, you can use --uid/--gid/--chroot options
*** WARNING: you are running uWSGI as root !!! (use the --uid flag) *** 
chdir() to /root/ENV35/bin/my_blog/my_blog
*** WARNING: you are running uWSGI without its master process manager ***
your processes number limit is 1880
your memory page size is 4096 bytes
detected max file descriptor number: 1024
lock engine: pthread robust mutexes
thunder lock: disabled (you can enable it with --thunder-lock)
uwsgi socket 0 bound to TCP address :8077 fd 3
Python version: 3.5.2 (default, Nov 17 2016, 17:05:23)  [GCC 5.4.0 20160609]
*** Python threads support is disabled. You can enable it with --enable-threads ***
Python main interpreter initialized at 0x1cd45c0
your server socket listen backlog is limited to 100 connections
your mercy for graceful operations on workers is 60 seconds
mapped 291040 bytes (284 KB) for 4 cores
*** Operational MODE: preforking ***
WSGI app 0 (mountpoint='') ready in 0 seconds on interpreter 0x1cd45c0 pid: 2321 (default app)
*** uWSGI is running in multiple interpreter mode ***
spawned uWSGI worker 1 (pid: 2321, cores: 1)
spawned uWSGI worker 2 (pid: 2323, cores: 1)
spawned uWSGI worker 3 (pid: 2324, cores: 1)
spawned uWSGI worker 4 (pid: 2325, cores: 1)
[pid: 2323|app: 0|req: 1/1] 111.222.162.217 () {34 vars in 628 bytes} [Sun Jun 18 10:26:11 2017] GET / => generated 15103 bytes in 456 msecs (HTTP/1.1 200) 2 headers in 88 bytes (1 switches on core 0)
Not Found: /static/foundation.css
[pid: 2324|app: 0|req: 1/2] 111.222.162.217 () {32 vars in 581 bytes} [Sun Jun 18 10:26:12 2017] GET /static/foundation.css => generated 2460 bytes in 67 msecs (HTTP/1.1 404) 2 headers in 80 bytes (1 switches on core 0)
Not Found: /static/highlight.pack.js
[pid: 2323|app: 0|req: 2/3] 111.222.162.217 () {32 vars in 572 bytes} [Sun Jun 18 10:26:12 2017] GET /static/highlight.pack.js => generated 2469 bytes in 13 msecs (HTTP/1.1 404) 2 headers in 80 bytes (1 switches on core 0)
Not Found: /favicon.ico
[pid: 2324|app: 0|req: 2/4] 111.222.162.217 () {34 vars in 700 bytes} [Sun Jun 18 10:26:13 2017] GET /favicon.ico => generated 2430 bytes in 11 msecs (HTTP/1.1 404) 2 headers in 80 bytes (1 switches on core 0)
[pid: 2321|app: 0|req: 1/5] 111.222.162.217 () {36 vars in 746 bytes} [Sun Jun 18 10:28:06 2017] GET / => generated 15103 bytes in 452 msecs (HTTP/1.1 200) 2 headers in 88 bytes (1 switches on core 0)
Not Found: /static/highlight.pack.js
[pid: 2324|app: 0|req: 3/6] 111.222.162.217 () {34 vars in 690 bytes} [Sun Jun 18 10:28:07 2017] GET /static/highlight.pack.js => generated 2469 bytes in 27 msecs (HTTP/1.1 404) 2 headers in 80 bytes (1 switches on core 0)
Not Found: /static/foundation.css
[pid: 2323|app: 0|req: 3/7] 111.222.162.217 () {34 vars in 699 bytes} [Sun Jun 18 10:28:07 2017] GET /static/foundation.css => generated 2460 bytes in 32 msecs (HTTP/1.1 404) 2 headers in 80 bytes (1 switches on core 0)
[pid: 2324|app: 0|req: 4/8] 111.222.162.217 () {34 vars in 715 bytes} [Sun Jun 18 11:11:07 2017] GET / => generated 15103 bytes in 242 msecs (HTTP/1.1 200) 2 headers in 88 bytes (1 switches on core 0)
Not Found: /static/highlight.pack.js
[pid: 2323|app: 0|req: 4/9] 111.222.162.217 () {34 vars in 690 bytes} [Sun Jun 18 11:11:07 2017] GET /static/highlight.pack.js => generated 2469 bytes in 16 msecs (HTTP/1.1 404) 2 headers in 80 bytes (1 switches on core 0)
Not Found: /static/foundation.css
[pid: 2325|app: 0|req: 1/10] 111.222.162.217 () {34 vars in 699 bytes} [Sun Jun 18 11:11:07 2017] GET /static/foundation.css => generated 2460 bytes in 95 msecs (HTTP/1.1 404) 2 headers in 80 bytes (1 switches on core 0)
[pid: 2324|app: 0|req: 5/11] 111.222.162.217 () {34 vars in 715 bytes} [Sun Jun 18 12:01:43 2017] GET / => generated 15103 bytes in 169 msecs (HTTP/1.1 200) 2 headers in 88 bytes (1 switches on core 0)
Not Found: /static/highlight.pack.js
[pid: 2323|app: 0|req: 5/12] 111.222.162.217 () {34 vars in 690 bytes} [Sun Jun 18 12:01:44 2017] GET /static/highlight.pack.js => generated 2469 bytes in 23 msecs (HTTP/1.1 404) 2 headers in 80 bytes (1 switches on core 0)
Not Found: /static/foundation.css
[pid: 2324|app: 0|req: 6/13] 111.222.162.217 () {34 vars in 699 bytes} [Sun Jun 18 12:01:44 2017] GET /static/foundation.css => generated 2460 bytes in 18 msecs (HTTP/1.1 404) 2 headers in 80 bytes (1 switches on core 0)
uwsgi_proto_http_parser() -> client closed connection
[pid: 2325|app: 0|req: 2/14] 123.125.71.40 () {30 vars in 419 bytes} [Tue Jun 20 17:34:40 2017] GET / => generated 15103 bytes in 301 msecs (HTTP/1.1 200) 2 headers in 88 bytes (1 switches on core 0)
Not Found: /favicon.ico
[pid: 2323|app: 0|req: 6/15] 111.221.222.75 () {34 vars in 699 bytes} [Thu Jun 22 13:48:15 2017] GET /favicon.ico => generated 2430 bytes in 160 msecs (HTTP/1.1 404) 2 headers in 80 bytes (1 switches on core 0)
[pid: 2321|app: 0|req: 2/16] 111.221.222.75 () {34 vars in 714 bytes} [Thu Jun 22 14:05:11 2017] GET / => generated 15103 bytes in 474 msecs (HTTP/1.1 200) 2 headers in 88 bytes (1 switches on core 0)
Not Found: /static/highlight.pack.js
[pid: 2323|app: 0|req: 7/17] 111.221.222.75 () {34 vars in 689 bytes} [Thu Jun 22 14:05:12 2017] GET /static/highlight.pack.js => generated 2469 bytes in 34 msecs (HTTP/1.1 404) 2 headers in 80 bytes (1 switches on core 0)
Not Found: /static/foundation.css
[pid: 2324|app: 0|req: 7/18] 111.221.222.75 () {34 vars in 698 bytes} [Thu Jun 22 14:05:12 2017] GET /static/foundation.css => generated 2460 bytes in 140 msecs (HTTP/1.1 404) 2 headers in 80 bytes (1 switches on core 0)
uwsgi_proto_http_parser() -> client closed connection
Not Found: /static/foundation.css
[pid: 2323|app: 0|req: 8/19] 111.222.167.165 () {34 vars in 699 bytes} [Fri Jun 23 13:01:01 2017] GET /static/foundation.css => generated 2460 bytes in 22 msecs (HTTP/1.1 404) 2 headers in 80 bytes (1 switches on core 0)
Not Found: /favicon.ico
[pid: 2321|app: 0|req: 3/20] 111.222.167.165 () {34 vars in 700 bytes} [Fri Jun 23 13:02:40 2017] GET /favicon.ico => generated 2430 bytes in 71 msecs (HTTP/1.1 404) 2 headers in 80 bytes (1 switches on core 0)
*** Starting uWSGI 2.0.14 (64bit) on [Fri Jun 23 14:46:53 2017] ***
compiled with version: 5.4.0 20160609 on 26 March 2017 16:24:30
os: Linux-4.4.0-66-generic #87-Ubuntu SMP Fri Mar 3 15:29:05 UTC 2017
nodename: hear2say
machine: x86_64
clock source: unix
detected number of CPU cores: 1
current working directory: /root/ENV35/bin/my_blog/my_blog
detected binary path: /root/ENV35/bin/uwsgi
!!! no internal routing support, rebuild with pcre support !!!
uWSGI running as root, you can use --uid/--gid/--chroot options
*** WARNING: you are running uWSGI as root !!! (use the --uid flag) *** 
chdir() to /root/ENV35/bin/my_blog/my_blog
*** WARNING: you are running uWSGI without its master process manager ***
your processes number limit is 1880
your memory page size is 4096 bytes
detected max file descriptor number: 1024
lock engine: pthread robust mutexes
thunder lock: disabled (you can enable it with --thunder-lock)
uwsgi socket 0 bound to UNIX address /root/ENV35/bin/my_blog/my_blog/my_blog.sock fd 3
Python version: 3.5.2 (default, Nov 17 2016, 17:05:23)  [GCC 5.4.0 20160609]
*** Python threads support is disabled. You can enable it with --enable-threads ***
Python main interpreter initialized at 0x26a8a40
your server socket listen backlog is limited to 100 connections
your mercy for graceful operations on workers is 60 seconds
mapped 291040 bytes (284 KB) for 4 cores
*** Operational MODE: preforking ***
WSGI app 0 (mountpoint='') ready in 0 seconds on interpreter 0x26a8a40 pid: 9380 (default app)
*** uWSGI is running in multiple interpreter mode ***
spawned uWSGI worker 1 (pid: 9380, cores: 1)
spawned uWSGI worker 2 (pid: 9382, cores: 1)
spawned uWSGI worker 3 (pid: 9383, cores: 1)
spawned uWSGI worker 4 (pid: 9384, cores: 1)
*** Starting uWSGI 2.0.14 (64bit) on [Fri Jun 23 14:56:53 2017] ***
compiled with version: 5.4.0 20160609 on 26 March 2017 16:24:30
os: Linux-4.4.0-66-generic #87-Ubuntu SMP Fri Mar 3 15:29:05 UTC 2017
nodename: hear2say
machine: x86_64
clock source: unix
detected number of CPU cores: 1
current working directory: /root/ENV35/bin/my_blog/my_blog
detected binary path: /root/ENV35/bin/uwsgi
!!! no internal routing support, rebuild with pcre support !!!
uWSGI running as root, you can use --uid/--gid/--chroot options
*** WARNING: you are running uWSGI as root !!! (use the --uid flag) *** 
chdir() to /root/ENV35/bin/my_blog/my_blog
*** WARNING: you are running uWSGI without its master process manager ***
your processes number limit is 1880
your memory page size is 4096 bytes
detected max file descriptor number: 1024
lock engine: pthread robust mutexes
thunder lock: disabled (you can enable it with --thunder-lock)
uwsgi socket 0 bound to TCP address unix:/root/ENV35/bin/my_blog/my_blog/my_blog.sock fd 3
Python version: 3.5.2 (default, Nov 17 2016, 17:05:23)  [GCC 5.4.0 20160609]
*** Python threads support is disabled. You can enable it with --enable-threads ***
Python main interpreter initialized at 0x19facc0
your server socket listen backlog is limited to 100 connections
your mercy for graceful operations on workers is 60 seconds
mapped 291040 bytes (284 KB) for 4 cores
*** Operational MODE: preforking ***
WSGI app 0 (mountpoint='') ready in 0 seconds on interpreter 0x19facc0 pid: 9467 (default app)
*** uWSGI is running in multiple interpreter mode ***
spawned uWSGI worker 1 (pid: 9467, cores: 1)
spawned uWSGI worker 2 (pid: 9469, cores: 1)
spawned uWSGI worker 3 (pid: 9470, cores: 1)
spawned uWSGI worker 4 (pid: 9471, cores: 1)
*** Starting uWSGI 2.0.14 (64bit) on [Fri Jun 23 15:42:37 2017] ***
compiled with version: 5.4.0 20160609 on 26 March 2017 16:24:30
os: Linux-4.4.0-66-generic #87-Ubuntu SMP Fri Mar 3 15:29:05 UTC 2017
nodename: hear2say
machine: x86_64
clock source: unix
detected number of CPU cores: 1
current working directory: /root/ENV35/bin/my_blog/my_blog
detected binary path: /root/ENV35/bin/uwsgi
!!! no internal routing support, rebuild with pcre support !!!
uWSGI running as root, you can use --uid/--gid/--chroot options
*** WARNING: you are running uWSGI as root !!! (use the --uid flag) *** 
chdir() to /root/ENV35/bin/my_blog/my_blog
*** WARNING: you are running uWSGI without its master process manager ***
your processes number limit is 1880
your memory page size is 4096 bytes
detected max file descriptor number: 1024
lock engine: pthread robust mutexes
thunder lock: disabled (you can enable it with --thunder-lock)
uwsgi socket 0 bound to UNIX address /root/ENV35/bin/my_blog/my_blog/my_blog.sock fd 3
Python version: 3.5.2 (default, Nov 17 2016, 17:05:23)  [GCC 5.4.0 20160609]
*** Python threads support is disabled. You can enable it with --enable-threads ***
Python main interpreter initialized at 0x26c4a50
your server socket listen backlog is limited to 100 connections
your mercy for graceful operations on workers is 60 seconds
mapped 291040 bytes (284 KB) for 4 cores
*** Operational MODE: preforking ***
WSGI app 0 (mountpoint='') ready in 2 seconds on interpreter 0x26c4a50 pid: 9999 (default app)
*** uWSGI is running in multiple interpreter mode ***
spawned uWSGI worker 1 (pid: 9999, cores: 1)
spawned uWSGI worker 2 (pid: 10001, cores: 1)
spawned uWSGI worker 3 (pid: 10002, cores: 1)
spawned uWSGI worker 4 (pid: 10003, cores: 1)
*** Starting uWSGI 2.0.14 (64bit) on [Fri Jun 23 15:45:10 2017] ***
compiled with version: 5.4.0 20160609 on 26 March 2017 16:24:30
os: Linux-4.4.0-66-generic #87-Ubuntu SMP Fri Mar 3 15:29:05 UTC 2017
nodename: hear2say
machine: x86_64
clock source: unix
detected number of CPU cores: 1
current working directory: /root/ENV35/bin/my_blog/my_blog
detected binary path: /root/ENV35/bin/uwsgi
!!! no internal routing support, rebuild with pcre support !!!
uWSGI running as root, you can use --uid/--gid/--chroot options
*** WARNING: you are running uWSGI as root !!! (use the --uid flag) *** 
chdir() to /root/ENV35/bin/my_blog/my_blog
*** WARNING: you are running uWSGI without its master process manager ***
your processes number limit is 1880
your memory page size is 4096 bytes
detected max file descriptor number: 1024
lock engine: pthread robust mutexes
thunder lock: disabled (you can enable it with --thunder-lock)
uwsgi socket 0 bound to UNIX address /root/ENV35/bin/my_blog/my_blog/my_blog.sock fd 3
Python version: 3.5.2 (default, Nov 17 2016, 17:05:23)  [GCC 5.4.0 20160609]
*** Python threads support is disabled. You can enable it with --enable-threads ***
Python main interpreter initialized at 0x1e7ba50
your server socket listen backlog is limited to 100 connections
your mercy for graceful operations on workers is 60 seconds
mapped 291040 bytes (284 KB) for 4 cores
*** Operational MODE: preforking ***
WSGI app 0 (mountpoint='') ready in 0 seconds on interpreter 0x1e7ba50 pid: 10020 (default app)
*** uWSGI is running in multiple interpreter mode ***
spawned uWSGI worker 1 (pid: 10020, cores: 1)
spawned uWSGI worker 2 (pid: 10022, cores: 1)
spawned uWSGI worker 3 (pid: 10023, cores: 1)
spawned uWSGI worker 4 (pid: 10024, cores: 1)
*** Starting uWSGI 2.0.14 (64bit) on [Fri Jun 23 15:45:41 2017] ***
compiled with version: 5.4.0 20160609 on 26 March 2017 16:24:30
os: Linux-4.4.0-66-generic #87-Ubuntu SMP Fri Mar 3 15:29:05 UTC 2017
nodename: hear2say
machine: x86_64
clock source: unix
detected number of CPU cores: 1
current working directory: /root/ENV35/bin/my_blog/my_blog
detected binary path: /root/ENV35/bin/uwsgi
!!! no internal routing support, rebuild with pcre support !!!
uWSGI running as root, you can use --uid/--gid/--chroot options
*** WARNING: you are running uWSGI as root !!! (use the --uid flag) *** 
chdir() to /root/ENV35/bin/my_blog/my_blog
*** WARNING: you are running uWSGI without its master process manager ***
your processes number limit is 1880
your memory page size is 4096 bytes
detected max file descriptor number: 1024
lock engine: pthread robust mutexes
thunder lock: disabled (you can enable it with --thunder-lock)
uwsgi socket 0 bound to UNIX address /root/ENV35/bin/my_blog/my_blog/my_blog.sock fd 3
Python version: 3.5.2 (default, Nov 17 2016, 17:05:23)  [GCC 5.4.0 20160609]
*** Python threads support is disabled. You can enable it with --enable-threads ***
Python main interpreter initialized at 0x139ea50
your server socket listen backlog is limited to 100 connections
your mercy for graceful operations on workers is 60 seconds
mapped 291040 bytes (284 KB) for 4 cores
*** Operational MODE: preforking ***
WSGI app 0 (mountpoint='') ready in 0 seconds on interpreter 0x139ea50 pid: 10042 (default app)
*** uWSGI is running in multiple interpreter mode ***
spawned uWSGI worker 1 (pid: 10042, cores: 1)
spawned uWSGI worker 2 (pid: 10044, cores: 1)
spawned uWSGI worker 3 (pid: 10045, cores: 1)
spawned uWSGI worker 4 (pid: 10046, cores: 1)
*** Starting uWSGI 2.0.14 (64bit) on [Fri Jun 23 15:55:23 2017] ***
compiled with version: 5.4.0 20160609 on 26 March 2017 16:24:30
os: Linux-4.4.0-66-generic #87-Ubuntu SMP Fri Mar 3 15:29:05 UTC 2017
nodename: hear2say
machine: x86_64
clock source: unix
detected number of CPU cores: 1
current working directory: /root/ENV35/bin/my_blog/my_blog
detected binary path: /root/ENV35/bin/uwsgi
!!! no internal routing support, rebuild with pcre support !!!
uWSGI running as root, you can use --uid/--gid/--chroot options
*** WARNING: you are running uWSGI as root !!! (use the --uid flag) *** 
chdir() to /root/ENV35/bin/my_blog/my_blog
*** WARNING: you are running uWSGI without its master process manager ***
your processes number limit is 1880
your memory page size is 4096 bytes
detected max file descriptor number: 1024
lock engine: pthread robust mutexes
thunder lock: disabled (you can enable it with --thunder-lock)
uwsgi socket 0 bound to UNIX address /root/ENV35/bin/my_blog/my_blog/my_blog.sock fd 3
Python version: 3.5.2 (default, Nov 17 2016, 17:05:23)  [GCC 5.4.0 20160609]
*** Python threads support is disabled. You can enable it with --enable-threads ***
Python main interpreter initialized at 0xceaa50
your server socket listen backlog is limited to 100 connections
your mercy for graceful operations on workers is 60 seconds
mapped 291040 bytes (284 KB) for 4 cores
*** Operational MODE: preforking ***
WSGI app 0 (mountpoint='') ready in 1 seconds on interpreter 0xceaa50 pid: 10097 (default app)
*** uWSGI is running in multiple interpreter mode ***
spawned uWSGI worker 1 (pid: 10097, cores: 1)
spawned uWSGI worker 2 (pid: 10099, cores: 1)
spawned uWSGI worker 3 (pid: 10100, cores: 1)
spawned uWSGI worker 4 (pid: 10101, cores: 1)
*** Starting uWSGI 2.0.14 (64bit) on [Fri Jun 23 15:56:41 2017] ***
compiled with version: 5.4.0 20160609 on 26 March 2017 16:24:30
os: Linux-4.4.0-66-generic #87-Ubuntu SMP Fri Mar 3 15:29:05 UTC 2017
nodename: hear2say
machine: x86_64
clock source: unix
detected number of CPU cores: 1
current working directory: /root/ENV35/bin/my_blog/my_blog
detected binary path: /root/ENV35/bin/uwsgi
!!! no internal routing support, rebuild with pcre support !!!
uWSGI running as root, you can use --uid/--gid/--chroot options
*** WARNING: you are running uWSGI as root !!! (use the --uid flag) *** 
chdir() to /root/ENV35/bin/my_blog/my_blog
*** WARNING: you are running uWSGI without its master process manager ***
your processes number limit is 1880
your memory page size is 4096 bytes
detected max file descriptor number: 1024
lock engine: pthread robust mutexes
thunder lock: disabled (you can enable it with --thunder-lock)
uwsgi socket 0 bound to UNIX address /root/ENV35/bin/my_blog/my_blog/my_blog.sock fd 3
Python version: 3.5.2 (default, Nov 17 2016, 17:05:23)  [GCC 5.4.0 20160609]
*** Python threads support is disabled. You can enable it with --enable-threads ***
Python main interpreter initialized at 0x1b72a50
your server socket listen backlog is limited to 100 connections
your mercy for graceful operations on workers is 60 seconds
mapped 291040 bytes (284 KB) for 4 cores
*** Operational MODE: preforking ***
WSGI app 0 (mountpoint='') ready in 0 seconds on interpreter 0x1b72a50 pid: 10117 (default app)
*** uWSGI is running in multiple interpreter mode ***
spawned uWSGI worker 1 (pid: 10117, cores: 1)
spawned uWSGI worker 2 (pid: 10119, cores: 1)
spawned uWSGI worker 3 (pid: 10120, cores: 1)
spawned uWSGI worker 4 (pid: 10121, cores: 1)
*** Starting uWSGI 2.0.14 (64bit) on [Fri Jun 23 16:01:23 2017] ***
compiled with version: 5.4.0 20160609 on 26 March 2017 16:24:30
os: Linux-4.4.0-66-generic #87-Ubuntu SMP Fri Mar 3 15:29:05 UTC 2017
nodename: hear2say
machine: x86_64
clock source: unix
detected number of CPU cores: 1
current working directory: /root/ENV35/bin/my_blog/my_blog
detected binary path: /root/ENV35/bin/uwsgi
!!! no internal routing support, rebuild with pcre support !!!
group nginx not found.
*** Starting uWSGI 2.0.14 (64bit) on [Fri Jun 23 16:03:38 2017] ***
compiled with version: 5.4.0 20160609 on 26 March 2017 16:24:30
os: Linux-4.4.0-66-generic #87-Ubuntu SMP Fri Mar 3 15:29:05 UTC 2017
nodename: hear2say
machine: x86_64
clock source: unix
detected number of CPU cores: 1
current working directory: /root/ENV35/bin/my_blog/my_blog
detected binary path: /root/ENV35/bin/uwsgi
!!! no internal routing support, rebuild with pcre support !!!
*** WARNING: you are running uWSGI as root !!! (use the --uid flag) *** 
chdir() to /root/ENV35/bin/my_blog/my_blog
*** WARNING: you are running uWSGI without its master process manager ***
your processes number limit is 1880
your memory page size is 4096 bytes
detected max file descriptor number: 1024
lock engine: pthread robust mutexes
thunder lock: disabled (you can enable it with --thunder-lock)
uwsgi socket 0 bound to UNIX address /root/ENV35/bin/my_blog/my_blog/my_blog.sock fd 3
Python version: 3.5.2 (default, Nov 17 2016, 17:05:23)  [GCC 5.4.0 20160609]
*** Python threads support is disabled. You can enable it with --enable-threads ***
Python main interpreter initialized at 0x11cc540
your server socket listen backlog is limited to 100 connections
your mercy for graceful operations on workers is 60 seconds
mapped 291040 bytes (284 KB) for 4 cores
*** Operational MODE: preforking ***
WSGI app 0 (mountpoint='') ready in 1 seconds on interpreter 0x11cc540 pid: 10175 (default app)
*** uWSGI is running in multiple interpreter mode ***
spawned uWSGI worker 1 (pid: 10175, cores: 1)
spawned uWSGI worker 2 (pid: 10177, cores: 1)
spawned uWSGI worker 3 (pid: 10178, cores: 1)
spawned uWSGI worker 4 (pid: 10179, cores: 1)
*** Starting uWSGI 2.0.14 (64bit) on [Fri Jun 23 16:03:56 2017] ***
compiled with version: 5.4.0 20160609 on 26 March 2017 16:24:30
os: Linux-4.4.0-66-generic #87-Ubuntu SMP Fri Mar 3 15:29:05 UTC 2017
nodename: hear2say
machine: x86_64
clock source: unix
detected number of CPU cores: 1
current working directory: /root/ENV35/bin/my_blog/my_blog
detected binary path: /root/ENV35/bin/uwsgi
!!! no internal routing support, rebuild with pcre support !!!
*** WARNING: you are running uWSGI as root !!! (use the --uid flag) *** 
chdir() to /root/ENV35/bin/my_blog/my_blog
*** WARNING: you are running uWSGI without its master process manager ***
your processes number limit is 1880
your memory page size is 4096 bytes
detected max file descriptor number: 1024
lock engine: pthread robust mutexes
thunder lock: disabled (you can enable it with --thunder-lock)
uwsgi socket 0 bound to UNIX address /root/ENV35/bin/my_blog/my_blog/my_blog.sock fd 3
Python version: 3.5.2 (default, Nov 17 2016, 17:05:23)  [GCC 5.4.0 20160609]
*** Python threads support is disabled. You can enable it with --enable-threads ***
Python main interpreter initialized at 0x20c1540
your server socket listen backlog is limited to 100 connections
your mercy for graceful operations on workers is 60 seconds
mapped 291040 bytes (284 KB) for 4 cores
*** Operational MODE: preforking ***
WSGI app 0 (mountpoint='') ready in 1 seconds on interpreter 0x20c1540 pid: 10182 (default app)
*** uWSGI is running in multiple interpreter mode ***
spawned uWSGI worker 1 (pid: 10182, cores: 1)
spawned uWSGI worker 2 (pid: 10184, cores: 1)
spawned uWSGI worker 3 (pid: 10185, cores: 1)
spawned uWSGI worker 4 (pid: 10186, cores: 1)
*** Starting uWSGI 2.0.14 (64bit) on [Fri Jun 23 16:17:20 2017] ***
compiled with version: 5.4.0 20160609 on 26 March 2017 16:24:30
os: Linux-4.4.0-66-generic #87-Ubuntu SMP Fri Mar 3 15:29:05 UTC 2017
nodename: hear2say
machine: x86_64
clock source: unix
detected number of CPU cores: 1
current working directory: /root/ENV35/bin/my_blog/my_blog
detected binary path: /root/ENV35/bin/uwsgi
!!! no internal routing support, rebuild with pcre support !!!
uWSGI running as root, you can use --uid/--gid/--chroot options
*** WARNING: you are running uWSGI as root !!! (use the --uid flag) *** 
chdir() to /root/ENV35/bin/my_blog/my_blog
*** WARNING: you are running uWSGI without its master process manager ***
your processes number limit is 1880
your memory page size is 4096 bytes
detected max file descriptor number: 1024
lock engine: pthread robust mutexes
thunder lock: disabled (you can enable it with --thunder-lock)
uwsgi socket 0 bound to UNIX address /tmp/my_blog.sock fd 3
Python version: 3.5.2 (default, Nov 17 2016, 17:05:23)  [GCC 5.4.0 20160609]
*** Python threads support is disabled. You can enable it with --enable-threads ***
Python main interpreter initialized at 0x2565a30
your server socket listen backlog is limited to 100 connections
your mercy for graceful operations on workers is 60 seconds
mapped 291040 bytes (284 KB) for 4 cores
*** Operational MODE: preforking ***
WSGI app 0 (mountpoint='') ready in 0 seconds on interpreter 0x2565a30 pid: 10364 (default app)
*** uWSGI is running in multiple interpreter mode ***
spawned uWSGI worker 1 (pid: 10364, cores: 1)
spawned uWSGI worker 2 (pid: 10366, cores: 1)
spawned uWSGI worker 3 (pid: 10367, cores: 1)
spawned uWSGI worker 4 (pid: 10368, cores: 1)
*** Starting uWSGI 2.0.14 (64bit) on [Fri Jun 23 16:28:06 2017] ***
compiled with version: 5.4.0 20160609 on 26 March 2017 16:24:30
os: Linux-4.4.0-66-generic #87-Ubuntu SMP Fri Mar 3 15:29:05 UTC 2017
nodename: hear2say
machine: x86_64
clock source: unix
detected number of CPU cores: 1
current working directory: /root/ENV35/bin/my_blog/my_blog
detected binary path: /root/ENV35/bin/uwsgi
!!! no internal routing support, rebuild with pcre support !!!
uWSGI running as root, you can use --uid/--gid/--chroot options
*** WARNING: you are running uWSGI as root !!! (use the --uid flag) *** 
chdir() to /root/ENV35/bin/my_blog/my_blog
*** WARNING: you are running uWSGI without its master process manager ***
your processes number limit is 1880
your memory page size is 4096 bytes
detected max file descriptor number: 1024
lock engine: pthread robust mutexes
thunder lock: disabled (you can enable it with --thunder-lock)
uwsgi socket 0 bound to UNIX address /var/run/my_blog.sock fd 3
Python version: 3.5.2 (default, Nov 17 2016, 17:05:23)  [GCC 5.4.0 20160609]
*** Python threads support is disabled. You can enable it with --enable-threads ***
Python main interpreter initialized at 0xc5ba30
your server socket listen backlog is limited to 100 connections
your mercy for graceful operations on workers is 60 seconds
mapped 291040 bytes (284 KB) for 4 cores
*** Operational MODE: preforking ***
WSGI app 0 (mountpoint='') ready in 1 seconds on interpreter 0xc5ba30 pid: 10417 (default app)
*** uWSGI is running in multiple interpreter mode ***
spawned uWSGI worker 1 (pid: 10417, cores: 1)
spawned uWSGI worker 2 (pid: 10419, cores: 1)
spawned uWSGI worker 3 (pid: 10420, cores: 1)
spawned uWSGI worker 4 (pid: 10421, cores: 1)
*** Starting uWSGI 2.0.14 (64bit) on [Fri Jun 23 18:28:19 2017] ***
compiled with version: 5.4.0 20160609 on 26 March 2017 16:24:30
os: Linux-4.4.0-66-generic #87-Ubuntu SMP Fri Mar 3 15:29:05 UTC 2017
nodename: hear2say
machine: x86_64
clock source: unix
detected number of CPU cores: 1
current working directory: /root/ENV35/bin/my_blog/my_blog
detected binary path: /root/ENV35/bin/uwsgi
!!! no internal routing support, rebuild with pcre support !!!
uWSGI running as root, you can use --uid/--gid/--chroot options
*** WARNING: you are running uWSGI as root !!! (use the --uid flag) *** 
chdir() to /root/ENV35/bin/my_blog/my_blog
*** WARNING: you are running uWSGI without its master process manager ***
your processes number limit is 1880
your memory page size is 4096 bytes
detected max file descriptor number: 1024
lock engine: pthread robust mutexes
thunder lock: disabled (you can enable it with --thunder-lock)
uwsgi socket 0 bound to UNIX address my_blog.sock fd 3
Python version: 3.5.2 (default, Nov 17 2016, 17:05:23)  [GCC 5.4.0 20160609]
*** Python threads support is disabled. You can enable it with --enable-threads ***
Python main interpreter initialized at 0x231aa40
your server socket listen backlog is limited to 100 connections
your mercy for graceful operations on workers is 60 seconds
mapped 291040 bytes (284 KB) for 4 cores
*** Operational MODE: preforking ***
WSGI app 0 (mountpoint='') ready in 1 seconds on interpreter 0x231aa40 pid: 11129 (default app)
*** uWSGI is running in multiple interpreter mode ***
spawned uWSGI worker 1 (pid: 11129, cores: 1)
spawned uWSGI worker 2 (pid: 11131, cores: 1)
spawned uWSGI worker 3 (pid: 11132, cores: 1)
spawned uWSGI worker 4 (pid: 11133, cores: 1)
*** Starting uWSGI 2.0.14 (64bit) on [Fri Jun 23 18:31:07 2017] ***
compiled with version: 5.4.0 20160609 on 26 March 2017 16:24:30
os: Linux-4.4.0-66-generic #87-Ubuntu SMP Fri Mar 3 15:29:05 UTC 2017
nodename: hear2say
machine: x86_64
clock source: unix
detected number of CPU cores: 1
current working directory: /root/ENV35/bin/my_blog/my_blog
detected binary path: /root/ENV35/bin/uwsgi
!!! no internal routing support, rebuild with pcre support !!!
uWSGI running as root, you can use --uid/--gid/--chroot options
*** WARNING: you are running uWSGI as root !!! (use the --uid flag) *** 
chdir() to /root/ENV35/bin/my_blog/my_blog
*** WARNING: you are running uWSGI without its master process manager ***
your processes number limit is 1880
your memory page size is 4096 bytes
detected max file descriptor number: 1024
lock engine: pthread robust mutexes
thunder lock: disabled (you can enable it with --thunder-lock)
uwsgi socket 0 bound to UNIX address my_blog.sock fd 3
Python version: 3.5.2 (default, Nov 17 2016, 17:05:23)  [GCC 5.4.0 20160609]
*** Python threads support is disabled. You can enable it with --enable-threads ***
Python main interpreter initialized at 0x8f7a40
your server socket listen backlog is limited to 100 connections
your mercy for graceful operations on workers is 60 seconds
mapped 291040 bytes (284 KB) for 4 cores
*** Operational MODE: preforking ***
WSGI app 0 (mountpoint='') ready in 1 seconds on interpreter 0x8f7a40 pid: 11163 (default app)
*** uWSGI is running in multiple interpreter mode ***
spawned uWSGI worker 1 (pid: 11163, cores: 1)
spawned uWSGI worker 2 (pid: 11165, cores: 1)
spawned uWSGI worker 3 (pid: 11166, cores: 1)
spawned uWSGI worker 4 (pid: 11167, cores: 1)
*** Starting uWSGI 2.0.14 (64bit) on [Sat Jun 24 08:18:47 2017] ***
compiled with version: 5.4.0 20160609 on 26 March 2017 16:24:30
os: Linux-4.4.0-66-generic #87-Ubuntu SMP Fri Mar 3 15:29:05 UTC 2017
nodename: hear2say
machine: x86_64
clock source: unix
detected number of CPU cores: 1
current working directory: /root/ENV35/bin/my_blog/my_blog
detected binary path: /root/ENV35/bin/uwsgi
!!! no internal routing support, rebuild with pcre support !!!
uWSGI running as root, you can use --uid/--gid/--chroot options
*** WARNING: you are running uWSGI as root !!! (use the --uid flag) *** 
chdir() to /root/ENV35/bin/my_blog/my_blog
*** WARNING: you are running uWSGI without its master process manager ***
your processes number limit is 1880
your memory page size is 4096 bytes
detected max file descriptor number: 1024
lock engine: pthread robust mutexes
thunder lock: disabled (you can enable it with --thunder-lock)
uwsgi socket 0 bound to TCP address :8001 fd 3
Python version: 3.5.2 (default, Nov 17 2016, 17:05:23)  [GCC 5.4.0 20160609]
*** Python threads support is disabled. You can enable it with --enable-threads ***
Python main interpreter initialized at 0x197ca40
your server socket listen backlog is limited to 100 connections
your mercy for graceful operations on workers is 60 seconds
mapped 291040 bytes (284 KB) for 4 cores
*** Operational MODE: preforking ***
WSGI app 0 (mountpoint='') ready in 1 seconds on interpreter 0x197ca40 pid: 14768 (default app)
*** uWSGI is running in multiple interpreter mode ***
spawned uWSGI worker 1 (pid: 14768, cores: 1)
spawned uWSGI worker 2 (pid: 14770, cores: 1)
spawned uWSGI worker 3 (pid: 14771, cores: 1)
spawned uWSGI worker 4 (pid: 14772, cores: 1)
[pid: 14770|app: 0|req: 1/1] 111.222.167.165 () {34 vars in 835 bytes} [Sat Jun 24 08:20:51 2017] GET / => generated 15103 bytes in 329 msecs (HTTP/1.1 200) 2 headers in 88 bytes (1 switches on core 0)
Not Found: /static/highlight.pack.js
[pid: 14770|app: 0|req: 2/2] 111.222.167.165 () {34 vars in 810 bytes} [Sat Jun 24 08:20:51 2017] GET /static/highlight.pack.js => generated 2469 bytes in 18 msecs (HTTP/1.1 404) 2 headers in 80 bytes (1 switches on core 0)
Not Found: /static/foundation.css
[pid: 14768|app: 0|req: 1/3] 111.222.167.165 () {34 vars in 819 bytes} [Sat Jun 24 08:20:51 2017] GET /static/foundation.css => generated 2460 bytes in 74 msecs (HTTP/1.1 404) 2 headers in 80 bytes (1 switches on core 0)
Not Found: /favicon.ico
[pid: 14770|app: 0|req: 3/4] 111.222.167.165 () {34 vars in 820 bytes} [Sat Jun 24 08:20:52 2017] GET /favicon.ico => generated 2430 bytes in 7 msecs (HTTP/1.1 404) 2 headers in 80 bytes (1 switches on core 0)
*** Starting uWSGI 2.0.14 (64bit) on [Sat Jun 24 08:38:56 2017] ***
compiled with version: 5.4.0 20160609 on 26 March 2017 16:24:30
os: Linux-4.4.0-66-generic #87-Ubuntu SMP Fri Mar 3 15:29:05 UTC 2017
nodename: hear2say
machine: x86_64
clock source: unix
detected number of CPU cores: 1
current working directory: /root/ENV35/bin/my_blog/my_blog
detected binary path: /root/ENV35/bin/uwsgi
!!! no internal routing support, rebuild with pcre support !!!
uWSGI running as root, you can use --uid/--gid/--chroot options
*** WARNING: you are running uWSGI as root !!! (use the --uid flag) *** 
chdir() to /root/ENV35/bin/my_blog/my_blog
*** WARNING: you are running uWSGI without its master process manager ***
your processes number limit is 1880
your memory page size is 4096 bytes
detected max file descriptor number: 1024
lock engine: pthread robust mutexes
thunder lock: disabled (you can enable it with --thunder-lock)
uwsgi socket 0 bound to TCP address :8006 fd 3
Python version: 3.5.2 (default, Nov 17 2016, 17:05:23)  [GCC 5.4.0 20160609]
*** Python threads support is disabled. You can enable it with --enable-threads ***
Python main interpreter initialized at 0xaf0a40
your server socket listen backlog is limited to 100 connections
your mercy for graceful operations on workers is 60 seconds
mapped 291040 bytes (284 KB) for 4 cores
*** Operational MODE: preforking ***
WSGI app 0 (mountpoint='') ready in 1 seconds on interpreter 0xaf0a40 pid: 15084 (default app)
*** uWSGI is running in multiple interpreter mode ***
spawned uWSGI worker 1 (pid: 15084, cores: 1)
spawned uWSGI worker 2 (pid: 15086, cores: 1)
spawned uWSGI worker 3 (pid: 15087, cores: 1)
spawned uWSGI worker 4 (pid: 15088, cores: 1)
*** Starting uWSGI 2.0.14 (64bit) on [Sat Jun 24 08:46:26 2017] ***
compiled with version: 5.4.0 20160609 on 26 March 2017 16:24:30
os: Linux-4.4.0-66-generic #87-Ubuntu SMP Fri Mar 3 15:29:05 UTC 2017
nodename: hear2say
machine: x86_64
clock source: unix
detected number of CPU cores: 1
current working directory: /root/ENV35/bin/my_blog/my_blog
detected binary path: /root/ENV35/bin/uwsgi
!!! no internal routing support, rebuild with pcre support !!!
uWSGI running as root, you can use --uid/--gid/--chroot options
*** WARNING: you are running uWSGI as root !!! (use the --uid flag) *** 
chdir() to /root/ENV35/bin/my_blog/my_blog
*** WARNING: you are running uWSGI without its master process manager ***
your processes number limit is 1880
your memory page size is 4096 bytes
detected max file descriptor number: 1024
lock engine: pthread robust mutexes
thunder lock: disabled (you can enable it with --thunder-lock)
probably another instance of uWSGI is running on the same address (:8006).
bind(): Address already in use [core/socket.c line 769]
